2022-10-13 11:09:08.156 +05:30  INF  Raksha Logged in
2022-10-13 11:09:57.560 +05:30  INF  Raksha Logged in
2022-10-13 11:21:28.691 +05:30  INF  Raksha Logged in
2022-10-13 11:26:27.915 +05:30  INF  Raksha Logged in
2022-10-13 11:28:04.431 +05:30  INF  Raksha Logged in
2022-10-13 11:28:44.149 +05:30  INF  Raksha Logged in
2022-10-13 11:31:37.765 +05:30  INF  Raksha Logged in
2022-10-13 11:32:31.257 +05:30  INF  Raksha Logged in
2022-10-13 11:33:12.233 +05:30  INF  Raksha Logged in
2022-10-13 17:13:52.699 +05:30  INF  Raksha Logged in
2022-10-13 17:14:48.318 +05:30  INF  Raksha Logged in
2022-10-13 17:15:37.557 +05:30  INF  Raksha Logged in
2022-10-13 17:20:18.345 +05:30  INF  Raksha Logged in
2022-10-13 17:26:34.053 +05:30  INF  Raksha Logged in
2022-10-13 17:28:19.162 +05:30  INF  Raksha Logged in
2022-10-13 17:30:39.458 +05:30  INF  Raksha Logged in
2022-10-13 17:37:35.048 +05:30  INF  Raksha Logged in
2022-10-13 17:38:28.617 +05:30  INF  Raksha Logged in
2022-10-13 17:42:22.513 +05:30  INF  Raksha Logged in
2022-10-13 17:43:19.029 +05:30  INF  Raksha Logged in
2022-10-13 17:48:38.552 +05:30  INF  Raksha Logged in
2022-10-13 17:49:17.109 +05:30  INF  A new Account Created with UserName 
2022-10-13 17:52:24.578 +05:30  INF  A new Account Created with UserName 
2022-10-13 17:53:28.449 +05:30  INF  A new Account Created with UserName 
2022-10-13 17:59:18.145 +05:30  INF  A new Account Created with UserName 
2022-10-13 18:02:50.418 +05:30  INF  Raksha Logged in
2022-10-13 18:03:42.184 +05:30  INF  A new Account Created with UserName Shambhavi
2022-10-13 18:03:55.300 +05:30  INF  Shambhavi Logged in
2022-10-13 18:05:50.581 +05:30  INF  Bhushan Logged in
