2022-12-06 11:20:18.833 +05:30  DBG  Initializing Razor view compiler with compiled view: '/Views/FoodSite/AccountCreated.cshtml'.
2022-12-06 11:20:18.868 +05:30  DBG  Initializing Razor view compiler with compiled view: '/Views/FoodSite/CancelOrder.cshtml'.
2022-12-06 11:20:18.868 +05:30  DBG  Initializing Razor view compiler with compiled view: '/Views/FoodSite/Cart.cshtml'.
2022-12-06 11:20:18.868 +05:30  DBG  Initializing Razor view compiler with compiled view: '/Views/FoodSite/CreateAccount.cshtml'.
2022-12-06 11:20:18.868 +05:30  DBG  Initializing Razor view compiler with compiled view: '/Views/FoodSite/CustomerDetails.cshtml'.
2022-12-06 11:20:18.868 +05:30  DBG  Initializing Razor view compiler with compiled view: '/Views/FoodSite/Login.cshtml'.
2022-12-06 11:20:18.868 +05:30  DBG  Initializing Razor view compiler with compiled view: '/Views/FoodSite/Menu.cshtml'.
2022-12-06 11:20:18.868 +05:30  DBG  Initializing Razor view compiler with compiled view: '/Views/FoodSite/OrderStatus.cshtml'.
2022-12-06 11:20:18.868 +05:30  DBG  Initializing Razor view compiler with compiled view: '/Views/FoodSite/PlaceOrder.cshtml'.
2022-12-06 11:20:18.868 +05:30  DBG  Initializing Razor view compiler with compiled view: '/Views/FoodSite/Restaurants.cshtml'.
2022-12-06 11:20:18.868 +05:30  DBG  Initializing Razor view compiler with compiled view: '/Views/Home/Index.cshtml'.
2022-12-06 11:20:18.868 +05:30  DBG  Initializing Razor view compiler with compiled view: '/Views/Home/Privacy.cshtml'.
2022-12-06 11:20:18.869 +05:30  DBG  Initializing Razor view compiler with compiled view: '/Views/Shared/Error.cshtml'.
2022-12-06 11:20:18.869 +05:30  DBG  Initializing Razor view compiler with compiled view: '/Views/Shared/_Notification.cshtml'.
2022-12-06 11:20:18.869 +05:30  DBG  Initializing Razor view compiler with compiled view: '/Views/Shared/_ValidationScriptsPartial.cshtml'.
2022-12-06 11:20:18.869 +05:30  DBG  Initializing Razor view compiler with compiled view: '/Views/_ViewImports.cshtml'.
2022-12-06 11:20:18.869 +05:30  DBG  Initializing Razor view compiler with compiled view: '/Views/_ViewStart.cshtml'.
2022-12-06 11:20:18.869 +05:30  DBG  Initializing Razor view compiler with compiled view: '/Views/Shared/_Layout.cshtml'.
2022-12-06 11:20:18.876 +05:30  DBG  Registered model binder providers, in the following order: ["Microsoft.AspNetCore.Mvc.ModelBinding.Binders.BinderTypeModelBinderProvider","Microsoft.AspNetCore.Mvc.ModelBinding.Binders.ServicesModelBinderProvider","Microsoft.AspNetCore.Mvc.ModelBinding.Binders.BodyModelBinderProvider","Microsoft.AspNetCore.Mvc.ModelBinding.Binders.HeaderModelBinderProvider","Microsoft.AspNetCore.Mvc.ModelBinding.Binders.FloatingPointTypeModelBinderProvider","Microsoft.AspNetCore.Mvc.ModelBinding.Binders.EnumTypeModelBinderProvider","Microsoft.AspNetCore.Mvc.ModelBinding.Binders.DateTimeModelBinderProvider","Microsoft.AspNetCore.Mvc.ModelBinding.Binders.SimpleTypeModelBinderProvider","Microsoft.AspNetCore.Mvc.ModelBinding.Binders.CancellationTokenModelBinderProvider","Microsoft.AspNetCore.Mvc.ModelBinding.Binders.ByteArrayModelBinderProvider","Microsoft.AspNetCore.Mvc.ModelBinding.Binders.FormFileModelBinderProvider","Microsoft.AspNetCore.Mvc.ModelBinding.Binders.FormCollectionModelBinderProvider","Microsoft.AspNetCore.Mvc.ModelBinding.Binders.KeyValuePairModelBinderProvider","Microsoft.AspNetCore.Mvc.ModelBinding.Binders.DictionaryModelBinderProvider","Microsoft.AspNetCore.Mvc.ModelBinding.Binders.ArrayModelBinderProvider","Microsoft.AspNetCore.Mvc.ModelBinding.Binders.CollectionModelBinderProvider","Microsoft.AspNetCore.Mvc.ModelBinding.Binders.ComplexObjectModelBinderProvider"]
2022-12-06 11:20:18.990 +05:30  DBG  Hosting starting
2022-12-06 11:20:19.029 +05:30  INF  User profile is available. Using 'C:\Users\raksha_ganyarpawar\AppData\Local\ASP.NET\DataProtection-Keys' as key repository and Windows DPAPI to encrypt keys at rest.
2022-12-06 11:20:19.032 +05:30  DBG  Reading data from file 'C:\Users\raksha_ganyarpawar\AppData\Local\ASP.NET\DataProtection-Keys\key-79ad8948-c6a7-4098-9250-f7b29548ac6d.xml'.
2022-12-06 11:20:19.041 +05:30  DBG  Reading data from file 'C:\Users\raksha_ganyarpawar\AppData\Local\ASP.NET\DataProtection-Keys\key-fcbc33c9-fbe1-4aff-8638-219c50a28b3b.xml'.
2022-12-06 11:20:19.050 +05:30  DBG  Found key {79ad8948-c6a7-4098-9250-f7b29548ac6d}.
2022-12-06 11:20:19.053 +05:30  DBG  Found key {fcbc33c9-fbe1-4aff-8638-219c50a28b3b}.
2022-12-06 11:20:19.058 +05:30  DBG  Considering key {79ad8948-c6a7-4098-9250-f7b29548ac6d} with expiration date 2023-01-30 18:09:53Z as default key.
2022-12-06 11:20:19.059 +05:30  DBG  Forwarded activator type request from Microsoft.AspNetCore.DataProtection.XmlEncryption.DpapiXmlDecryptor, Microsoft.AspNetCore.DataProtection, Version=6.0.0.0, Culture=neutral, PublicKeyToken=adb9793829ddae60 to Microsoft.AspNetCore.DataProtection.XmlEncryption.DpapiXmlDecryptor, Microsoft.AspNetCore.DataProtection, Culture=neutral, PublicKeyToken=adb9793829ddae60
2022-12-06 11:20:19.061 +05:30  DBG  Decrypting secret element using Windows DPAPI.
2022-12-06 11:20:19.062 +05:30  DBG  Forwarded activator type request from Microsoft.AspNetCore.DataProtection.AuthenticatedEncryption.ConfigurationModel.AuthenticatedEncryptorDescriptorDeserializer, Microsoft.AspNetCore.DataProtection, Version=6.0.0.0, Culture=neutral, PublicKeyToken=adb9793829ddae60 to Microsoft.AspNetCore.DataProtection.AuthenticatedEncryption.ConfigurationModel.AuthenticatedEncryptorDescriptorDeserializer, Microsoft.AspNetCore.DataProtection, Culture=neutral, PublicKeyToken=adb9793829ddae60
2022-12-06 11:20:19.065 +05:30  DBG  Opening CNG algorithm 'AES' from provider 'null' with chaining mode CBC.
2022-12-06 11:20:19.066 +05:30  DBG  Opening CNG algorithm 'SHA256' from provider 'null' with HMAC.
2022-12-06 11:20:19.068 +05:30  DBG  Using key {79ad8948-c6a7-4098-9250-f7b29548ac6d} as the default key.
2022-12-06 11:20:19.068 +05:30  DBG  Key ring with default key {79ad8948-c6a7-4098-9250-f7b29548ac6d} was loaded during application startup.
2022-12-06 11:20:19.198 +05:30  DBG  Using development certificate: CN=localhost (Thumbprint: 4C51C087C884AD5F8F0F2241CBD89F90FD775F40)
2022-12-06 11:20:19.257 +05:30  INF  Now listening on: https://localhost:7119
2022-12-06 11:20:19.257 +05:30  INF  Now listening on: http://localhost:5119
2022-12-06 11:20:19.257 +05:30  DBG  Loaded hosting startup assembly FoodDeliveryApplication
2022-12-06 11:20:19.257 +05:30  DBG  Loaded hosting startup assembly Microsoft.AspNetCore.Watch.BrowserRefresh
2022-12-06 11:20:19.257 +05:30  DBG  Loaded hosting startup assembly Microsoft.WebTools.BrowserLink.Net
2022-12-06 11:20:19.257 +05:30  INF  Application started. Press Ctrl+C to shut down.
2022-12-06 11:20:19.257 +05:30  INF  Hosting environment: Development
2022-12-06 11:20:19.257 +05:30  INF  Content root path: C:\Users\raksha_ganyarpawar\source\repos\FoodDeliveryApplication\FoodDeliveryApplication\
2022-12-06 11:20:19.257 +05:30  DBG  Hosting started
2022-12-06 11:20:19.404 +05:30  DBG  Connection id "0HMMN9N10DRMV" accepted.
2022-12-06 11:20:19.405 +05:30  DBG  Connection id "0HMMN9N10DRMV" started.
2022-12-06 11:20:19.415 +05:30  DBG  Connection id "0HMMN9N10DRN0" accepted.
2022-12-06 11:20:19.415 +05:30  DBG  Connection id "0HMMN9N10DRN0" started.
2022-12-06 11:20:19.431 +05:30  DBG  Connection id "0HMMN9N10DRN0" received FIN.
2022-12-06 11:20:19.431 +05:30  DBG  Connection id "0HMMN9N10DRMV" received FIN.
2022-12-06 11:20:19.434 +05:30  DBG  Failed to authenticate HTTPS connection.System.IO.IOException:  Received an unexpected EOF or 0 bytes from the transport stream.
   at System.Net.Security.SslStream.<FillHandshakeBufferAsync>g__InternalFillHandshakeBufferAsync|189_0[TIOAdapter](TIOAdapter adap, ValueTask`1 task, Int32 minSize)
   at System.Net.Security.SslStream.ReceiveBlobAsync[TIOAdapter](TIOAdapter adapter)
   at System.Net.Security.SslStream.ForceAuthenticationAsync[TIOAdapter](TIOAdapter adapter, Boolean receiveFirst, Byte[] reAuthenticationData, Boolean isApm)
   at Microsoft.AspNetCore.Server.Kestrel.Https.Internal.HttpsConnectionMiddleware.OnConnectionAsync(ConnectionContext context)

2022-12-06 11:20:19.434 +05:30  DBG  Failed to authenticate HTTPS connection.System.IO.IOException:  Received an unexpected EOF or 0 bytes from the transport stream.
   at System.Net.Security.SslStream.<FillHandshakeBufferAsync>g__InternalFillHandshakeBufferAsync|189_0[TIOAdapter](TIOAdapter adap, ValueTask`1 task, Int32 minSize)
   at System.Net.Security.SslStream.ReceiveBlobAsync[TIOAdapter](TIOAdapter adapter)
   at System.Net.Security.SslStream.ForceAuthenticationAsync[TIOAdapter](TIOAdapter adapter, Boolean receiveFirst, Byte[] reAuthenticationData, Boolean isApm)
   at Microsoft.AspNetCore.Server.Kestrel.Https.Internal.HttpsConnectionMiddleware.OnConnectionAsync(ConnectionContext context)

2022-12-06 11:20:19.546 +05:30  DBG  Connection id "0HMMN9N10DRN0" stopped.
2022-12-06 11:20:19.546 +05:30  DBG  Connection id "0HMMN9N10DRMV" stopped.
2022-12-06 11:20:19.546 +05:30  DBG  Connection id "0HMMN9N10DRMV" sending FIN because: "The Socket transport's send loop completed gracefully."
2022-12-06 11:20:19.546 +05:30  DBG  Connection id "0HMMN9N10DRN0" sending FIN because: "The Socket transport's send loop completed gracefully."
2022-12-06 11:20:20.185 +05:30  DBG  Connection id "0HMMN9N10DRN1" accepted.
2022-12-06 11:20:20.185 +05:30  DBG  Connection id "0HMMN9N10DRN1" started.
2022-12-06 11:20:20.258 +05:30  DBG  Connection 0HMMN9N10DRN1 established using the following protocol: "Tls13"
2022-12-06 11:20:20.320 +05:30  INF  Request starting HTTP/2 GET https://localhost:7119/ - -
2022-12-06 11:20:20.352 +05:30  DBG  Wildcard detected, all requests with hosts will be allowed.
2022-12-06 11:20:20.353 +05:30  DBG  The request path / does not match a supported file type
2022-12-06 11:20:20.383 +05:30  DBG  1 candidate(s) found for the request path '/'
2022-12-06 11:20:20.387 +05:30  DBG  Endpoint 'FoodDeliveryApplication.Controllers.HomeController.Index (FoodDeliveryApplication)' with route pattern '{controller=Home}/{action=Index}/{id?}' is valid for the request path '/'
2022-12-06 11:20:20.387 +05:30  DBG  Request matched endpoint 'FoodDeliveryApplication.Controllers.HomeController.Index (FoodDeliveryApplication)'
2022-12-06 11:20:20.401 +05:30  INF  Executing endpoint 'FoodDeliveryApplication.Controllers.HomeController.Index (FoodDeliveryApplication)'
2022-12-06 11:20:20.451 +05:30  INF  Route matched with {action = "Index", controller = "Home"}. Executing controller action with signature Microsoft.AspNetCore.Mvc.IActionResult Index() on controller FoodDeliveryApplication.Controllers.HomeController (FoodDeliveryApplication).
2022-12-06 11:20:20.452 +05:30  DBG  Execution plan of authorization filters (in the following order): ["None"]
2022-12-06 11:20:20.452 +05:30  DBG  Execution plan of resource filters (in the following order): ["Microsoft.AspNetCore.Mvc.ViewFeatures.Filters.SaveTempDataFilter"]
2022-12-06 11:20:20.452 +05:30  DBG  Execution plan of action filters (in the following order): ["Microsoft.AspNetCore.Mvc.Filters.ControllerActionFilter (Order: -2147483648)","Microsoft.AspNetCore.Mvc.ModelBinding.UnsupportedContentTypeFilter (Order: -3000)"]
2022-12-06 11:20:20.452 +05:30  DBG  Execution plan of exception filters (in the following order): ["None"]
2022-12-06 11:20:20.452 +05:30  DBG  Execution plan of result filters (in the following order): ["Microsoft.AspNetCore.Mvc.ViewFeatures.Filters.SaveTempDataFilter"]
2022-12-06 11:20:20.453 +05:30  DBG  Executing controller factory for controller FoodDeliveryApplication.Controllers.HomeController (FoodDeliveryApplication)
2022-12-06 11:20:20.454 +05:30  DBG  Executed controller factory for controller FoodDeliveryApplication.Controllers.HomeController (FoodDeliveryApplication)
2022-12-06 11:20:20.456 +05:30  DBG  View lookup cache miss for view 'Index' in controller 'Home'.
2022-12-06 11:20:20.464 +05:30  INF  Executing ViewResult, running view Index.
2022-12-06 11:20:20.470 +05:30  DBG  The view path '/Views/Home/Index.cshtml' was found in 8.3061ms.
2022-12-06 11:20:20.551 +05:30  DBG  View lookup cache miss for view '_Layout' in controller 'Home'.
2022-12-06 11:20:20.632 +05:30  DBG  Found the endpoints ["Route: {controller=Home}/{action=Index}/{id?}"] for address Microsoft.AspNetCore.Routing.RouteValuesAddress
2022-12-06 11:20:20.642 +05:30  DBG  Successfully processed template {controller=Home}/{action=Index}/{id?} for Route: {controller=Home}/{action=Index}/{id?} resulting in  and 
2022-12-06 11:20:20.643 +05:30  DBG  Link generation succeeded for endpoints ["Route: {controller=Home}/{action=Index}/{id?}"] with result /
2022-12-06 11:20:20.646 +05:30  DBG  Found the endpoints ["Route: {controller=Home}/{action=Index}/{id?}"] for address Microsoft.AspNetCore.Routing.RouteValuesAddress
2022-12-06 11:20:20.646 +05:30  DBG  Successfully processed template {controller=Home}/{action=Index}/{id?} for Route: {controller=Home}/{action=Index}/{id?} resulting in  and 
2022-12-06 11:20:20.646 +05:30  DBG  Link generation succeeded for endpoints ["Route: {controller=Home}/{action=Index}/{id?}"] with result /
2022-12-06 11:20:20.647 +05:30  DBG  Found the endpoints ["Route: {controller=Home}/{action=Index}/{id?}"] for address Microsoft.AspNetCore.Routing.RouteValuesAddress
2022-12-06 11:20:20.647 +05:30  DBG  Successfully processed template {controller=Home}/{action=Index}/{id?} for Route: {controller=Home}/{action=Index}/{id?} resulting in /FoodSite/CreateAccount and 
2022-12-06 11:20:20.647 +05:30  DBG  Link generation succeeded for endpoints ["Route: {controller=Home}/{action=Index}/{id?}"] with result /FoodSite/CreateAccount
2022-12-06 11:20:20.647 +05:30  DBG  Found the endpoints ["Route: {controller=Home}/{action=Index}/{id?}"] for address Microsoft.AspNetCore.Routing.RouteValuesAddress
2022-12-06 11:20:20.647 +05:30  DBG  Successfully processed template {controller=Home}/{action=Index}/{id?} for Route: {controller=Home}/{action=Index}/{id?} resulting in /FoodSite/Login and 
2022-12-06 11:20:20.647 +05:30  DBG  Link generation succeeded for endpoints ["Route: {controller=Home}/{action=Index}/{id?}"] with result /FoodSite/Login
2022-12-06 11:20:20.649 +05:30  DBG  View lookup cache miss for view '_Notification' in controller 'Home'.
2022-12-06 11:20:20.653 +05:30  DBG  The temp data cookie .AspNetCore.Mvc.CookieTempDataProvider was not found.
2022-12-06 11:20:20.653 +05:30  DBG  Found the endpoints ["Route: {controller=Home}/{action=Index}/{id?}"] for address Microsoft.AspNetCore.Routing.RouteValuesAddress
2022-12-06 11:20:20.654 +05:30  DBG  Successfully processed template {controller=Home}/{action=Index}/{id?} for Route: {controller=Home}/{action=Index}/{id?} resulting in /Home/Privacy and 
2022-12-06 11:20:20.654 +05:30  DBG  Link generation succeeded for endpoints ["Route: {controller=Home}/{action=Index}/{id?}"] with result /Home/Privacy
2022-12-06 11:20:20.819 +05:30  INF  Executed ViewResult - view Index executed in 363.1376ms.
2022-12-06 11:20:20.823 +05:30  INF  Executed action FoodDeliveryApplication.Controllers.HomeController.Index (FoodDeliveryApplication) in 370.0044ms
2022-12-06 11:20:20.823 +05:30  INF  Executed endpoint 'FoodDeliveryApplication.Controllers.HomeController.Index (FoodDeliveryApplication)'
2022-12-06 11:20:20.926 +05:30  DBG  Response markup is scheduled to include browser refresh script injection.
2022-12-06 11:20:20.941 +05:30  DBG  Response markup was updated to include browser refresh script injection.
2022-12-06 11:20:20.944 +05:30  INF  Request finished HTTP/2 GET https://localhost:7119/ - - - 200 - text/html;+charset=utf-8 629.1534ms
2022-12-06 11:20:20.966 +05:30  INF  Request starting HTTP/2 GET https://localhost:7119/_framework/aspnetcore-browser-refresh.js - -
2022-12-06 11:20:20.966 +05:30  INF  Request starting HTTP/2 GET https://localhost:7119/lib/bootstrap/dist/css/bootstrap.min.css - -
2022-12-06 11:20:20.966 +05:30  INF  Request starting HTTP/2 GET https://localhost:7119/css/site.css?v=AKvNjO3dCPPS0eSU1Ez8T2wI280i08yGycV9ndytL-c - -
2022-12-06 11:20:20.966 +05:30  INF  Request starting HTTP/2 GET https://localhost:7119/lib/bootstrap/dist/js/bootstrap.bundle.min.js - -
2022-12-06 11:20:20.966 +05:30  INF  Request starting HTTP/2 GET https://localhost:7119/FoodDeliveryApplication.styles.css?v=9WVtNtbZWdlZSPUDo4l82Dg0Je6d9AMvAXr4GBHw4C4 - -
2022-12-06 11:20:20.967 +05:30  INF  Request starting HTTP/2 GET https://localhost:7119/lib/jquery/dist/jquery.min.js - -
2022-12-06 11:20:20.967 +05:30  INF  Request starting HTTP/2 GET https://localhost:7119/js/site.js?v=4q1jwFhaPaZgr8WAUSrux6hAuh0XDg9kPS3xIVq36I0 - -
2022-12-06 11:20:20.970 +05:30  INF  Request starting HTTP/2 GET https://localhost:7119/_vs/browserLink - -
2022-12-06 11:20:20.971 +05:30  INF  Request finished HTTP/2 GET https://localhost:7119/_framework/aspnetcore-browser-refresh.js - - - 200 12016 application/javascript;+charset=utf-8 4.9021ms
2022-12-06 11:20:20.980 +05:30  INF  The file /css/site.css was not modified
2022-12-06 11:20:20.980 +05:30  INF  The file /lib/bootstrap/dist/css/bootstrap.min.css was not modified
2022-12-06 11:20:20.980 +05:30  INF  The file /lib/jquery/dist/jquery.min.js was not modified
2022-12-06 11:20:20.980 +05:30  INF  The file /lib/bootstrap/dist/js/bootstrap.bundle.min.js was not modified
2022-12-06 11:20:20.980 +05:30  INF  The file /js/site.js was not modified
2022-12-06 11:20:20.980 +05:30  INF  The file /FoodDeliveryApplication.styles.css was not modified
2022-12-06 11:20:20.981 +05:30  DBG  Handled. Status code: 304 File: /lib/bootstrap/dist/css/bootstrap.min.css
2022-12-06 11:20:20.981 +05:30  DBG  Handled. Status code: 304 File: /FoodDeliveryApplication.styles.css
2022-12-06 11:20:20.981 +05:30  DBG  Handled. Status code: 304 File: /lib/bootstrap/dist/js/bootstrap.bundle.min.js
2022-12-06 11:20:20.981 +05:30  DBG  Handled. Status code: 304 File: /lib/jquery/dist/jquery.min.js
2022-12-06 11:20:20.981 +05:30  DBG  Handled. Status code: 304 File: /css/site.css
2022-12-06 11:20:20.981 +05:30  DBG  Handled. Status code: 304 File: /js/site.js
2022-12-06 11:20:20.981 +05:30  INF  Request finished HTTP/2 GET https://localhost:7119/lib/jquery/dist/jquery.min.js - - - 304 - application/javascript 14.6017ms
2022-12-06 11:20:20.981 +05:30  INF  Request finished HTTP/2 GET https://localhost:7119/lib/bootstrap/dist/js/bootstrap.bundle.min.js - - - 304 - application/javascript 14.9040ms
2022-12-06 11:20:20.981 +05:30  INF  Request finished HTTP/2 GET https://localhost:7119/FoodDeliveryApplication.styles.css?v=9WVtNtbZWdlZSPUDo4l82Dg0Je6d9AMvAXr4GBHw4C4 - - - 304 - text/css 14.8327ms
2022-12-06 11:20:20.981 +05:30  INF  Request finished HTTP/2 GET https://localhost:7119/lib/bootstrap/dist/css/bootstrap.min.css - - - 304 - text/css 14.9211ms
2022-12-06 11:20:20.981 +05:30  INF  Request finished HTTP/2 GET https://localhost:7119/css/site.css?v=AKvNjO3dCPPS0eSU1Ez8T2wI280i08yGycV9ndytL-c - - - 304 - text/css 15.0974ms
2022-12-06 11:20:20.981 +05:30  INF  Request finished HTTP/2 GET https://localhost:7119/js/site.js?v=4q1jwFhaPaZgr8WAUSrux6hAuh0XDg9kPS3xIVq36I0 - - - 304 - application/javascript 14.8813ms
2022-12-06 11:20:21.024 +05:30  INF  Request finished HTTP/2 GET https://localhost:7119/_vs/browserLink - - - 200 - text/javascript;+charset=UTF-8 54.3414ms
2022-12-06 11:20:21.087 +05:30  INF  Request starting HTTP/2 GET https://localhost:7119/favicon.ico - -
2022-12-06 11:20:21.087 +05:30  INF  The file /favicon.ico was not modified
2022-12-06 11:20:21.087 +05:30  DBG  Handled. Status code: 304 File: /favicon.ico
2022-12-06 11:20:21.087 +05:30  INF  Request finished HTTP/2 GET https://localhost:7119/favicon.ico - - - 304 - image/x-icon 0.4845ms
2022-12-06 11:22:32.432 +05:30  DBG  Connection id "0HMMN9N10DRN1" is closing.
2022-12-06 11:22:32.438 +05:30  DBG  Connection id "0HMMN9N10DRN1" is closed. The last processed stream ID was 19.
2022-12-06 11:22:32.439 +05:30  DBG  Connection id "0HMMN9N10DRN1" received FIN.
2022-12-06 11:22:32.439 +05:30  DBG  Connection id "0HMMN9N10DRN1" sending FIN because: "The client closed the connection."
2022-12-06 11:22:32.440 +05:30  DBG  Connection id "0HMMN9N10DRN1" stopped.
